<?xml version="1.0" encoding="UTF-8"?>
<!-- Generated by org.testng.reporters.JUnitXMLReporter -->
<testsuite ignored="0" hostname="DESKTOP-66BAJ88" failures="0" tests="3" name="Test" time="7.711" errors="0" timestamp="2023-11-19T09:41:37 IST">
  <testcase classname="modules.AssignLeave" name="clickOnAssignLeaveButton" time="0.644"/>
  <testcase classname="modules.MyTimesheet" name="clickOnTimeSheetIcon" time="3.528"/>
  <testcase classname="modules.MyTimesheet" name="clickOnHelpButton" time="3.371"/>
</testsuite> <!-- Test -->
