<?xml version="1.0" encoding="UTF-8"?>
<!-- Generated by org.testng.reporters.JUnitXMLReporter -->
<testsuite ignored="0" hostname="DESKTOP-66BAJ88" failures="0" tests="3" name="Test" time="7.584" errors="0" timestamp="2023-11-17T07:23:27 IST">
  <testcase classname="modules.AssignLeave" name="clickOnAssignLeaveButton" time="0.573"/>
  <testcase classname="modules.MyTimesheet" name="clickOnTimeSheetIcon" time="3.55"/>
  <testcase classname="modules.MyTimesheet" name="clickOnHelpButton" time="3.334"/>
</testsuite> <!-- Test -->
