<?xml version="1.0" encoding="UTF-8"?>
<testng-results ignored="0" total="3" passed="3" failed="0" skipped="0">
  <reporter-output>
  </reporter-output>
  <suite started-at="2023-11-17T07:23:20 IST" name="Suite" finished-at="2023-11-17T07:23:27 IST" duration-ms="7584">
    <groups>
    </groups>
    <test started-at="2023-11-17T07:23:20 IST" name="Test" finished-at="2023-11-17T07:23:27 IST" duration-ms="7584">
      <class name="modules.AssignLeave">
        <test-method signature="clickOnAssignLeaveButton()[pri:0, instance:modules.AssignLeave@71f96dfb]" started-at="2023-11-17T07:23:20 IST" name="clickOnAssignLeaveButton" finished-at="2023-11-17T07:23:20 IST" duration-ms="573" status="PASS">
          <reporter-output>
          </reporter-output>
        </test-method> <!-- clickOnAssignLeaveButton -->
      </class> <!-- modules.AssignLeave -->
      <class name="modules.MyTimesheet">
        <test-method signature="clickOnTimeSheetIcon()[pri:1, instance:modules.MyTimesheet@51b35e4e]" started-at="2023-11-17T07:23:20 IST" name="clickOnTimeSheetIcon" finished-at="2023-11-17T07:23:24 IST" duration-ms="3550" status="PASS">
          <reporter-output>
          </reporter-output>
        </test-method> <!-- clickOnTimeSheetIcon -->
        <test-method signature="clickOnHelpButton()[pri:2, instance:modules.MyTimesheet@51b35e4e]" started-at="2023-11-17T07:23:24 IST" name="clickOnHelpButton" finished-at="2023-11-17T07:23:27 IST" duration-ms="3334" status="PASS">
          <reporter-output>
          </reporter-output>
        </test-method> <!-- clickOnHelpButton -->
      </class> <!-- modules.MyTimesheet -->
    </test> <!-- Test -->
  </suite> <!-- Suite -->
</testng-results>
